[1121/134925.327:ERROR:scoped_process_suspend.cc(30)] NtSuspendProcess: An attempt was made to access an exiting process.  (0xc000010a)
[1121/134925.337:ERROR:process_info.cc(116)] ReadProcessMemory bool __cdecl crashpad::`anonymous-namespace'::ReadStruct<struct crashpad::process_types::PEB<struct crashpad::process_types::internal::Traits32>>(void *,unsigned __int64,struct crashpad::process_types::PEB<struct crashpad::process_types::internal::Traits32> *): Only part of a ReadProcessMemory or WriteProcessMemory request was completed. (0x12B)
[1121/134925.337:ERROR:process_info.cc(559)] ReadProcessData failed
[1121/134925.337:ERROR:process_reader_win.cc(233)] ReadMemory at 0x736d7dc8 of 12 bytes failed: Only part of a ReadProcessMemory or WriteProcessMemory request was completed. (0x12B)
[1121/134925.337:WARNING:process_snapshot_win.cc(68)] ReadMemory ExceptionInformation failed
[1121/134925.337:WARNING:crash_report_exception_handler.cc(60)] ProcessSnapshotWin::Initialize failed
[1129/125345.934:ERROR:process_info.cc(116)] ReadProcessMemory bool __cdecl crashpad::`anonymous-namespace'::ReadStruct<struct crashpad::process_types::PEB<struct crashpad::process_types::internal::Traits32>>(void *,unsigned __int64,struct crashpad::process_types::PEB<struct crashpad::process_types::internal::Traits32> *): Only part of a ReadProcessMemory or WriteProcessMemory request was completed. (0x12B)
[1129/125345.934:ERROR:process_info.cc(559)] ReadProcessData failed
[1129/125345.934:ERROR:process_reader_win.cc(233)] ReadMemory at 0x67247dc8 of 12 bytes failed: Only part of a ReadProcessMemory or WriteProcessMemory request was completed. (0x12B)
[1129/125345.934:WARNING:process_snapshot_win.cc(68)] ReadMemory ExceptionInformation failed
[1129/125345.934:WARNING:crash_report_exception_handler.cc(60)] ProcessSnapshotWin::Initialize failed
[1129/125345.934:ERROR:scoped_process_suspend.cc(38)] NtResumeProcess: An attempt was made to access an exiting process.  (0xc000010a)
[1129/125346.106:ERROR:scoped_process_suspend.cc(30)] NtSuspendProcess: An attempt was made to access an exiting process.  (0xc000010a)
[1129/125346.106:ERROR:process_info.cc(116)] ReadProcessMemory bool __cdecl crashpad::`anonymous-namespace'::ReadStruct<struct crashpad::process_types::RTL_USER_PROCESS_PARAMETERS<struct crashpad::process_types::internal::Traits32>>(void *,unsigned __int64,struct crashpad::process_types::RTL_USER_PROCESS_PARAMETERS<struct crashpad::process_types::internal::Traits32> *): Only part of a ReadProcessMemory or WriteProcessMemory request was completed. (0x12B)
[1129/125346.106:ERROR:process_info.cc(559)] ReadProcessData failed
[1129/125346.106:ERROR:process_reader_win.cc(142)] SuspendThread: Access is denied. (0x5)
[1129/125346.106:ERROR:exception_snapshot_win.cc(87)] thread ID 0 not found in process
[1129/125346.106:WARNING:crash_report_exception_handler.cc(60)] ProcessSnapshotWin::Initialize failed
[1129/125346.426:ERROR:exception_snapshot_win.cc(87)] thread ID 1176 not found in process
[1129/125346.426:WARNING:crash_report_exception_handler.cc(60)] ProcessSnapshotWin::Initialize failed
